<?xml version="1.0" encoding="UTF-8"?>
<!-- Generated by org.testng.reporters.JUnitXMLReporter -->
<testsuite ignored="0" hostname="LAPTOP-GVHSBO7Q" failures="0" tests="9" name="Ejecucion en Chrome" time="57.646" errors="0" timestamp="2025-08-02T12:24:31 CLT">
  <testcase classname="com.tuempresa.tests.LoginTest" name="testLoginExitoso" time="4.229"/>
  <testcase classname="com.tuempresa.tests.LoginTest" name="testLoginFallido" time="3.871"/>
  <testcase classname="com.tuempresa.tests.LoginTest" name="testLoginFallidoMultiplesIntentos" time="5.752"/>
  <testcase classname="com.tuempresa.tests.RegistroTest" name="testRegistro" time="3.893"/>
  <testcase classname="com.tuempresa.tests.RegistroTest" name="testRegistro" time="3.725"/>
  <testcase classname="com.tuempresa.tests.RegistroTest" name="testRegistro" time="4.529"/>
  <testcase classname="com.tuempresa.tests.RegistroTest" name="testRegistro" time="3.963"/>
  <testcase classname="com.tuempresa.tests.RegistroTest" name="testRegistro" time="3.727"/>
  <testcase classname="com.tuempresa.tests.RegistroTest" name="testRegistro" time="13.744"/>
</testsuite> <!-- Ejecucion en Chrome -->
