<?xml version="1.0" encoding="UTF-8"?>
<!-- Generated by org.testng.reporters.JUnitXMLReporter -->
<testsuite ignored="0" hostname="LAPTOP-GVHSBO7Q" failures="0" tests="9" name="Ejecucion en Firefox" time="127.032" errors="0" timestamp="2025-08-02T14:03:34 CLT">
  <testcase classname="com.tuempresa.tests.LoginTest" name="testLoginExitoso" time="5.418"/>
  <testcase classname="com.tuempresa.tests.LoginTest" name="testLoginFallido" time="4.969"/>
  <testcase classname="com.tuempresa.tests.LoginTest" name="testLoginFallidoMultiplesIntentos" time="8.868"/>
  <testcase classname="com.tuempresa.tests.RegistroTest" name="testRegistro" time="4.572"/>
  <testcase classname="com.tuempresa.tests.RegistroTest" name="testRegistro" time="4.763"/>
  <testcase classname="com.tuempresa.tests.RegistroTest" name="testRegistro" time="4.097"/>
  <testcase classname="com.tuempresa.tests.RegistroTest" name="testRegistro" time="4.556"/>
  <testcase classname="com.tuempresa.tests.RegistroTest" name="testRegistro" time="4.785"/>
  <testcase classname="com.tuempresa.tests.RegistroTest" name="testRegistro" time="14.071"/>
</testsuite> <!-- Ejecucion en Firefox -->
