<?xml version="1.0" encoding="UTF-8"?>
<!-- Generated by org.testng.reporters.JUnitXMLReporter -->
<testsuite ignored="0" hostname="LAPTOP-GVHSBO7Q" failures="0" tests="9" name="Ejecucion en Chrome" time="59.985" errors="0" timestamp="2025-08-02T14:01:27 CLT">
  <testcase classname="com.tuempresa.tests.LoginTest" name="testLoginExitoso" time="4.276"/>
  <testcase classname="com.tuempresa.tests.LoginTest" name="testLoginFallido" time="4.028"/>
  <testcase classname="com.tuempresa.tests.LoginTest" name="testLoginFallidoMultiplesIntentos" time="5.569"/>
  <testcase classname="com.tuempresa.tests.RegistroTest" name="testRegistro" time="4.14"/>
  <testcase classname="com.tuempresa.tests.RegistroTest" name="testRegistro" time="4.06"/>
  <testcase classname="com.tuempresa.tests.RegistroTest" name="testRegistro" time="3.746"/>
  <testcase classname="com.tuempresa.tests.RegistroTest" name="testRegistro" time="5.067"/>
  <testcase classname="com.tuempresa.tests.RegistroTest" name="testRegistro" time="3.693"/>
  <testcase classname="com.tuempresa.tests.RegistroTest" name="testRegistro" time="13.578"/>
</testsuite> <!-- Ejecucion en Chrome -->
