<?xml version="1.0" encoding="UTF-8"?>
<!-- Generated by org.testng.reporters.JUnitXMLReporter -->
<testsuite ignored="0" hostname="LAPTOP-GVHSBO7Q" failures="0" tests="9" name="Ejecucion en Firefox" time="120.18" errors="0" timestamp="2025-08-02T12:26:31 CLT">
  <testcase classname="com.tuempresa.tests.LoginTest" name="testLoginExitoso" time="5.159"/>
  <testcase classname="com.tuempresa.tests.LoginTest" name="testLoginFallido" time="4.49"/>
  <testcase classname="com.tuempresa.tests.LoginTest" name="testLoginFallidoMultiplesIntentos" time="8.054"/>
  <testcase classname="com.tuempresa.tests.RegistroTest" name="testRegistro" time="4.062"/>
  <testcase classname="com.tuempresa.tests.RegistroTest" name="testRegistro" time="3.886"/>
  <testcase classname="com.tuempresa.tests.RegistroTest" name="testRegistro" time="4.5"/>
  <testcase classname="com.tuempresa.tests.RegistroTest" name="testRegistro" time="4.362"/>
  <testcase classname="com.tuempresa.tests.RegistroTest" name="testRegistro" time="4.871"/>
  <testcase classname="com.tuempresa.tests.RegistroTest" name="testRegistro" time="13.759"/>
</testsuite> <!-- Ejecucion en Firefox -->
