<?xml version="1.0" encoding="UTF-8"?>
<testng-results ignored="0" total="18" passed="18" failed="0" skipped="0">
  <reporter-output>
  </reporter-output>
  <suite started-at="2025-08-02T14:00:27 CLT" name="Suite de Automatizacion Funcional" finished-at="2025-08-02T14:03:34 CLT" duration-ms="187041">
    <groups>
    </groups>
    <test started-at="2025-08-02T14:00:27 CLT" name="Ejecucion en Chrome" finished-at="2025-08-02T14:01:27 CLT" duration-ms="59985">
      <class name="com.tuempresa.tests.RegistroTest">
        <test-method is-config="true" signature="setup(java.lang.String)[pri:0, instance:com.tuempresa.tests.RegistroTest@52bf72b5]" started-at="2025-08-02T14:00:46 CLT" name="setup" finished-at="2025-08-02T14:00:47 CLT" duration-ms="906" status="PASS">
          <params>
            <param index="0">
              <value>
                <![CDATA[chrome]]>
              </value>
            </param>
          </params>
          <reporter-output>
          </reporter-output>
        </test-method> <!-- setup -->
        <test-method signature="testRegistro(java.lang.String,java.lang.String,java.lang.String,java.lang.String,java.lang.String,java.lang.String,boolean)[pri:0, instance:com.tuempresa.tests.RegistroTest@52bf72b5]" started-at="2025-08-02T14:00:47 CLT" name="testRegistro" description="Valida el formulario de registro con diferentes datos." data-provider="registroDatos" finished-at="2025-08-02T14:00:51 CLT" duration-ms="4140" status="PASS">
          <params>
            <param index="0">
              <value>
                <![CDATA[Juan]]>
              </value>
            </param>
            <param index="1">
              <value>
                <![CDATA[Perez]]>
              </value>
            </param>
            <param index="2">
              <value>
                <![CDATA[1234567890]]>
              </value>
            </param>
            <param index="3">
              <value>
                <![CDATA[juan.perez@test.com]]>
              </value>
            </param>
            <param index="4">
              <value>
                <![CDATA[Pass1234!]]>
              </value>
            </param>
            <param index="5">
              <value>
                <![CDATA[Pass1234!]]>
              </value>
            </param>
            <param index="6">
              <value>
                <![CDATA[true]]>
              </value>
            </param>
          </params>
          <reporter-output>
          </reporter-output>
        </test-method> <!-- testRegistro -->
        <test-method is-config="true" signature="teardown()[pri:0, instance:com.tuempresa.tests.RegistroTest@52bf72b5]" started-at="2025-08-02T14:00:51 CLT" name="teardown" finished-at="2025-08-02T14:00:51 CLT" duration-ms="270" status="PASS">
          <reporter-output>
          </reporter-output>
        </test-method> <!-- teardown -->
        <test-method is-config="true" signature="setup(java.lang.String)[pri:0, instance:com.tuempresa.tests.RegistroTest@52bf72b5]" started-at="2025-08-02T14:00:51 CLT" name="setup" finished-at="2025-08-02T14:00:52 CLT" duration-ms="824" status="PASS">
          <params>
            <param index="0">
              <value>
                <![CDATA[chrome]]>
              </value>
            </param>
          </params>
          <reporter-output>
          </reporter-output>
        </test-method> <!-- setup -->
        <test-method signature="testRegistro(java.lang.String,java.lang.String,java.lang.String,java.lang.String,java.lang.String,java.lang.String,boolean)[pri:0, instance:com.tuempresa.tests.RegistroTest@52bf72b5]" started-at="2025-08-02T14:00:52 CLT" name="testRegistro" description="Valida el formulario de registro con diferentes datos." data-provider="registroDatos" finished-at="2025-08-02T14:00:56 CLT" duration-ms="4060" status="PASS">
          <params>
            <param index="0">
              <value>
                <![CDATA[Maria]]>
              </value>
            </param>
            <param index="1">
              <value>
                <![CDATA[Gomez]]>
              </value>
            </param>
            <param index="2">
              <value>
                <![CDATA[9876543210]]>
              </value>
            </param>
            <param index="3">
              <value>
                <![CDATA[maria.gomez@test.com]]>
              </value>
            </param>
            <param index="4">
              <value>
                <![CDATA[pass123]]>
              </value>
            </param>
            <param index="5">
              <value>
                <![CDATA[pass123]]>
              </value>
            </param>
            <param index="6">
              <value>
                <![CDATA[true]]>
              </value>
            </param>
          </params>
          <reporter-output>
          </reporter-output>
        </test-method> <!-- testRegistro -->
        <test-method is-config="true" signature="teardown()[pri:0, instance:com.tuempresa.tests.RegistroTest@52bf72b5]" started-at="2025-08-02T14:00:56 CLT" name="teardown" finished-at="2025-08-02T14:00:56 CLT" duration-ms="266" status="PASS">
          <reporter-output>
          </reporter-output>
        </test-method> <!-- teardown -->
        <test-method is-config="true" signature="setup(java.lang.String)[pri:0, instance:com.tuempresa.tests.RegistroTest@52bf72b5]" started-at="2025-08-02T14:00:56 CLT" name="setup" finished-at="2025-08-02T14:00:57 CLT" duration-ms="923" status="PASS">
          <params>
            <param index="0">
              <value>
                <![CDATA[chrome]]>
              </value>
            </param>
          </params>
          <reporter-output>
          </reporter-output>
        </test-method> <!-- setup -->
        <test-method signature="testRegistro(java.lang.String,java.lang.String,java.lang.String,java.lang.String,java.lang.String,java.lang.String,boolean)[pri:0, instance:com.tuempresa.tests.RegistroTest@52bf72b5]" started-at="2025-08-02T14:00:57 CLT" name="testRegistro" description="Valida el formulario de registro con diferentes datos." data-provider="registroDatos" finished-at="2025-08-02T14:01:01 CLT" duration-ms="3746" status="PASS">
          <params>
            <param index="0">
              <value>
                <![CDATA[]]>
              </value>
            </param>
            <param index="1">
              <value>
                <![CDATA[Rodriguez]]>
              </value>
            </param>
            <param index="2">
              <value>
                <![CDATA[1122334455]]>
              </value>
            </param>
            <param index="3">
              <value>
                <![CDATA[rodrigo@test.com]]>
              </value>
            </param>
            <param index="4">
              <value>
                <![CDATA[SecurePass!]]>
              </value>
            </param>
            <param index="5">
              <value>
                <![CDATA[SecurePass!]]>
              </value>
            </param>
            <param index="6">
              <value>
                <![CDATA[true]]>
              </value>
            </param>
          </params>
          <reporter-output>
          </reporter-output>
        </test-method> <!-- testRegistro -->
        <test-method is-config="true" signature="teardown()[pri:0, instance:com.tuempresa.tests.RegistroTest@52bf72b5]" started-at="2025-08-02T14:01:01 CLT" name="teardown" finished-at="2025-08-02T14:01:01 CLT" duration-ms="210" status="PASS">
          <reporter-output>
          </reporter-output>
        </test-method> <!-- teardown -->
        <test-method is-config="true" signature="setup(java.lang.String)[pri:0, instance:com.tuempresa.tests.RegistroTest@52bf72b5]" started-at="2025-08-02T14:01:01 CLT" name="setup" finished-at="2025-08-02T14:01:02 CLT" duration-ms="836" status="PASS">
          <params>
            <param index="0">
              <value>
                <![CDATA[chrome]]>
              </value>
            </param>
          </params>
          <reporter-output>
          </reporter-output>
        </test-method> <!-- setup -->
        <test-method signature="testRegistro(java.lang.String,java.lang.String,java.lang.String,java.lang.String,java.lang.String,java.lang.String,boolean)[pri:0, instance:com.tuempresa.tests.RegistroTest@52bf72b5]" started-at="2025-08-02T14:01:02 CLT" name="testRegistro" description="Valida el formulario de registro con diferentes datos." data-provider="registroDatos" finished-at="2025-08-02T14:01:07 CLT" duration-ms="5067" status="PASS">
          <params>
            <param index="0">
              <value>
                <![CDATA[Ana]]>
              </value>
            </param>
            <param index="1">
              <value>
                <![CDATA[Lopez]]>
              </value>
            </param>
            <param index="2">
              <value>
                <![CDATA[5566778899]]>
              </value>
            </param>
            <param index="3">
              <value>
                <![CDATA[ana.lopez@test.com]]>
              </value>
            </param>
            <param index="4">
              <value>
                <![CDATA[Pass123!]]>
              </value>
            </param>
            <param index="5">
              <value>
                <![CDATA[Pass123!]]>
              </value>
            </param>
            <param index="6">
              <value>
                <![CDATA[true]]>
              </value>
            </param>
          </params>
          <reporter-output>
          </reporter-output>
        </test-method> <!-- testRegistro -->
        <test-method is-config="true" signature="teardown()[pri:0, instance:com.tuempresa.tests.RegistroTest@52bf72b5]" started-at="2025-08-02T14:01:07 CLT" name="teardown" finished-at="2025-08-02T14:01:07 CLT" duration-ms="187" status="PASS">
          <reporter-output>
          </reporter-output>
        </test-method> <!-- teardown -->
        <test-method is-config="true" signature="setup(java.lang.String)[pri:0, instance:com.tuempresa.tests.RegistroTest@52bf72b5]" started-at="2025-08-02T14:01:07 CLT" name="setup" finished-at="2025-08-02T14:01:08 CLT" duration-ms="802" status="PASS">
          <params>
            <param index="0">
              <value>
                <![CDATA[chrome]]>
              </value>
            </param>
          </params>
          <reporter-output>
          </reporter-output>
        </test-method> <!-- setup -->
        <test-method signature="testRegistro(java.lang.String,java.lang.String,java.lang.String,java.lang.String,java.lang.String,java.lang.String,boolean)[pri:0, instance:com.tuempresa.tests.RegistroTest@52bf72b5]" started-at="2025-08-02T14:01:08 CLT" name="testRegistro" description="Valida el formulario de registro con diferentes datos." data-provider="registroDatos" finished-at="2025-08-02T14:01:12 CLT" duration-ms="3693" status="PASS">
          <params>
            <param index="0">
              <value>
                <![CDATA[Sofia]]>
              </value>
            </param>
            <param index="1">
              <value>
                <![CDATA[Diaz]]>
              </value>
            </param>
            <param index="2">
              <value>
                <![CDATA[1212121212]]>
              </value>
            </param>
            <param index="3">
              <value>
                <![CDATA[]]>
              </value>
            </param>
            <param index="4">
              <value>
                <![CDATA[TestPass123]]>
              </value>
            </param>
            <param index="5">
              <value>
                <![CDATA[TestPass123]]>
              </value>
            </param>
            <param index="6">
              <value>
                <![CDATA[true]]>
              </value>
            </param>
          </params>
          <reporter-output>
          </reporter-output>
        </test-method> <!-- testRegistro -->
        <test-method is-config="true" signature="teardown()[pri:0, instance:com.tuempresa.tests.RegistroTest@52bf72b5]" started-at="2025-08-02T14:01:12 CLT" name="teardown" finished-at="2025-08-02T14:01:12 CLT" duration-ms="189" status="PASS">
          <reporter-output>
          </reporter-output>
        </test-method> <!-- teardown -->
        <test-method is-config="true" signature="setup(java.lang.String)[pri:0, instance:com.tuempresa.tests.RegistroTest@52bf72b5]" started-at="2025-08-02T14:01:12 CLT" name="setup" finished-at="2025-08-02T14:01:13 CLT" duration-ms="836" status="PASS">
          <params>
            <param index="0">
              <value>
                <![CDATA[chrome]]>
              </value>
            </param>
          </params>
          <reporter-output>
          </reporter-output>
        </test-method> <!-- setup -->
        <test-method signature="testRegistro(java.lang.String,java.lang.String,java.lang.String,java.lang.String,java.lang.String,java.lang.String,boolean)[pri:0, instance:com.tuempresa.tests.RegistroTest@52bf72b5]" started-at="2025-08-02T14:01:13 CLT" name="testRegistro" description="Valida el formulario de registro con diferentes datos." data-provider="registroDatos" finished-at="2025-08-02T14:01:26 CLT" duration-ms="13578" status="PASS">
          <params>
            <param index="0">
              <value>
                <![CDATA[Pedro]]>
              </value>
            </param>
            <param index="1">
              <value>
                <![CDATA[Sanchez]]>
              </value>
            </param>
            <param index="2">
              <value>
                <![CDATA[4455667788]]>
              </value>
            </param>
            <param index="3">
              <value>
                <![CDATA[pedro.sanchez@test.com]]>
              </value>
            </param>
            <param index="4">
              <value>
                <![CDATA[pass123!]]>
              </value>
            </param>
            <param index="5">
              <value>
                <![CDATA[Pass1234!]]>
              </value>
            </param>
            <param index="6">
              <value>
                <![CDATA[false]]>
              </value>
            </param>
          </params>
          <reporter-output>
          </reporter-output>
        </test-method> <!-- testRegistro -->
        <test-method is-config="true" signature="teardown()[pri:0, instance:com.tuempresa.tests.RegistroTest@52bf72b5]" started-at="2025-08-02T14:01:26 CLT" name="teardown" finished-at="2025-08-02T14:01:27 CLT" duration-ms="276" status="PASS">
          <reporter-output>
          </reporter-output>
        </test-method> <!-- teardown -->
      </class> <!-- com.tuempresa.tests.RegistroTest -->
      <class name="com.tuempresa.tests.LoginTest">
        <test-method is-config="true" signature="setup(java.lang.String)[pri:0, instance:com.tuempresa.tests.LoginTest@72057ecf]" started-at="2025-08-02T14:00:27 CLT" name="setup" finished-at="2025-08-02T14:00:29 CLT" duration-ms="2610" status="PASS">
          <params>
            <param index="0">
              <value>
                <![CDATA[chrome]]>
              </value>
            </param>
          </params>
          <reporter-output>
          </reporter-output>
        </test-method> <!-- setup -->
        <test-method signature="testLoginExitoso()[pri:0, instance:com.tuempresa.tests.LoginTest@72057ecf]" started-at="2025-08-02T14:00:29 CLT" name="testLoginExitoso" description="Verificar login con credenciales válidas" finished-at="2025-08-02T14:00:34 CLT" duration-ms="4276" status="PASS">
          <reporter-output>
          </reporter-output>
        </test-method> <!-- testLoginExitoso -->
        <test-method is-config="true" signature="teardown()[pri:0, instance:com.tuempresa.tests.LoginTest@72057ecf]" started-at="2025-08-02T14:00:34 CLT" name="teardown" finished-at="2025-08-02T14:00:34 CLT" duration-ms="287" status="PASS">
          <reporter-output>
          </reporter-output>
        </test-method> <!-- teardown -->
        <test-method is-config="true" signature="setup(java.lang.String)[pri:0, instance:com.tuempresa.tests.LoginTest@72057ecf]" started-at="2025-08-02T14:00:34 CLT" name="setup" finished-at="2025-08-02T14:00:35 CLT" duration-ms="920" status="PASS">
          <params>
            <param index="0">
              <value>
                <![CDATA[chrome]]>
              </value>
            </param>
          </params>
          <reporter-output>
          </reporter-output>
        </test-method> <!-- setup -->
        <test-method signature="testLoginFallido()[pri:0, instance:com.tuempresa.tests.LoginTest@72057ecf]" started-at="2025-08-02T14:00:35 CLT" name="testLoginFallido" description="Verificar login con credenciales inválidas" finished-at="2025-08-02T14:00:39 CLT" duration-ms="4028" status="PASS">
          <reporter-output>
          </reporter-output>
        </test-method> <!-- testLoginFallido -->
        <test-method is-config="true" signature="teardown()[pri:0, instance:com.tuempresa.tests.LoginTest@72057ecf]" started-at="2025-08-02T14:00:39 CLT" name="teardown" finished-at="2025-08-02T14:00:39 CLT" duration-ms="280" status="PASS">
          <reporter-output>
          </reporter-output>
        </test-method> <!-- teardown -->
        <test-method is-config="true" signature="setup(java.lang.String)[pri:0, instance:com.tuempresa.tests.LoginTest@72057ecf]" started-at="2025-08-02T14:00:39 CLT" name="setup" finished-at="2025-08-02T14:00:40 CLT" duration-ms="863" status="PASS">
          <params>
            <param index="0">
              <value>
                <![CDATA[chrome]]>
              </value>
            </param>
          </params>
          <reporter-output>
          </reporter-output>
        </test-method> <!-- setup -->
        <test-method signature="testLoginFallidoMultiplesIntentos()[pri:0, instance:com.tuempresa.tests.LoginTest@72057ecf]" started-at="2025-08-02T14:00:40 CLT" name="testLoginFallidoMultiplesIntentos" description="Verificar comportamiento con múltiples fallas" finished-at="2025-08-02T14:00:46 CLT" duration-ms="5569" status="PASS">
          <reporter-output>
          </reporter-output>
        </test-method> <!-- testLoginFallidoMultiplesIntentos -->
        <test-method is-config="true" signature="teardown()[pri:0, instance:com.tuempresa.tests.LoginTest@72057ecf]" started-at="2025-08-02T14:00:46 CLT" name="teardown" finished-at="2025-08-02T14:00:46 CLT" duration-ms="272" status="PASS">
          <reporter-output>
          </reporter-output>
        </test-method> <!-- teardown -->
      </class> <!-- com.tuempresa.tests.LoginTest -->
    </test> <!-- Ejecucion en Chrome -->
    <test started-at="2025-08-02T14:01:27 CLT" name="Ejecucion en Firefox" finished-at="2025-08-02T14:03:34 CLT" duration-ms="127032">
      <class name="com.tuempresa.tests.RegistroTest">
        <test-method is-config="true" signature="setup(java.lang.String)[pri:0, instance:com.tuempresa.tests.RegistroTest@67c27493]" started-at="2025-08-02T14:02:11 CLT" name="setup" finished-at="2025-08-02T14:02:15 CLT" duration-ms="4664" status="PASS">
          <params>
            <param index="0">
              <value>
                <![CDATA[firefox]]>
              </value>
            </param>
          </params>
          <reporter-output>
          </reporter-output>
        </test-method> <!-- setup -->
        <test-method signature="testRegistro(java.lang.String,java.lang.String,java.lang.String,java.lang.String,java.lang.String,java.lang.String,boolean)[pri:0, instance:com.tuempresa.tests.RegistroTest@67c27493]" started-at="2025-08-02T14:02:15 CLT" name="testRegistro" description="Valida el formulario de registro con diferentes datos." data-provider="registroDatos" finished-at="2025-08-02T14:02:20 CLT" duration-ms="4572" status="PASS">
          <params>
            <param index="0">
              <value>
                <![CDATA[Juan]]>
              </value>
            </param>
            <param index="1">
              <value>
                <![CDATA[Perez]]>
              </value>
            </param>
            <param index="2">
              <value>
                <![CDATA[1234567890]]>
              </value>
            </param>
            <param index="3">
              <value>
                <![CDATA[juan.perez@test.com]]>
              </value>
            </param>
            <param index="4">
              <value>
                <![CDATA[Pass1234!]]>
              </value>
            </param>
            <param index="5">
              <value>
                <![CDATA[Pass1234!]]>
              </value>
            </param>
            <param index="6">
              <value>
                <![CDATA[true]]>
              </value>
            </param>
          </params>
          <reporter-output>
          </reporter-output>
        </test-method> <!-- testRegistro -->
        <test-method is-config="true" signature="teardown()[pri:0, instance:com.tuempresa.tests.RegistroTest@67c27493]" started-at="2025-08-02T14:02:20 CLT" name="teardown" finished-at="2025-08-02T14:02:23 CLT" duration-ms="3306" status="PASS">
          <reporter-output>
          </reporter-output>
        </test-method> <!-- teardown -->
        <test-method is-config="true" signature="setup(java.lang.String)[pri:0, instance:com.tuempresa.tests.RegistroTest@67c27493]" started-at="2025-08-02T14:02:23 CLT" name="setup" finished-at="2025-08-02T14:02:28 CLT" duration-ms="4787" status="PASS">
          <params>
            <param index="0">
              <value>
                <![CDATA[firefox]]>
              </value>
            </param>
          </params>
          <reporter-output>
          </reporter-output>
        </test-method> <!-- setup -->
        <test-method signature="testRegistro(java.lang.String,java.lang.String,java.lang.String,java.lang.String,java.lang.String,java.lang.String,boolean)[pri:0, instance:com.tuempresa.tests.RegistroTest@67c27493]" started-at="2025-08-02T14:02:28 CLT" name="testRegistro" description="Valida el formulario de registro con diferentes datos." data-provider="registroDatos" finished-at="2025-08-02T14:02:33 CLT" duration-ms="4763" status="PASS">
          <params>
            <param index="0">
              <value>
                <![CDATA[Maria]]>
              </value>
            </param>
            <param index="1">
              <value>
                <![CDATA[Gomez]]>
              </value>
            </param>
            <param index="2">
              <value>
                <![CDATA[9876543210]]>
              </value>
            </param>
            <param index="3">
              <value>
                <![CDATA[maria.gomez@test.com]]>
              </value>
            </param>
            <param index="4">
              <value>
                <![CDATA[pass123]]>
              </value>
            </param>
            <param index="5">
              <value>
                <![CDATA[pass123]]>
              </value>
            </param>
            <param index="6">
              <value>
                <![CDATA[true]]>
              </value>
            </param>
          </params>
          <reporter-output>
          </reporter-output>
        </test-method> <!-- testRegistro -->
        <test-method is-config="true" signature="teardown()[pri:0, instance:com.tuempresa.tests.RegistroTest@67c27493]" started-at="2025-08-02T14:02:33 CLT" name="teardown" finished-at="2025-08-02T14:02:36 CLT" duration-ms="3389" status="PASS">
          <reporter-output>
          </reporter-output>
        </test-method> <!-- teardown -->
        <test-method is-config="true" signature="setup(java.lang.String)[pri:0, instance:com.tuempresa.tests.RegistroTest@67c27493]" started-at="2025-08-02T14:02:36 CLT" name="setup" finished-at="2025-08-02T14:02:41 CLT" duration-ms="4623" status="PASS">
          <params>
            <param index="0">
              <value>
                <![CDATA[firefox]]>
              </value>
            </param>
          </params>
          <reporter-output>
          </reporter-output>
        </test-method> <!-- setup -->
        <test-method signature="testRegistro(java.lang.String,java.lang.String,java.lang.String,java.lang.String,java.lang.String,java.lang.String,boolean)[pri:0, instance:com.tuempresa.tests.RegistroTest@67c27493]" started-at="2025-08-02T14:02:41 CLT" name="testRegistro" description="Valida el formulario de registro con diferentes datos." data-provider="registroDatos" finished-at="2025-08-02T14:02:45 CLT" duration-ms="4097" status="PASS">
          <params>
            <param index="0">
              <value>
                <![CDATA[]]>
              </value>
            </param>
            <param index="1">
              <value>
                <![CDATA[Rodriguez]]>
              </value>
            </param>
            <param index="2">
              <value>
                <![CDATA[1122334455]]>
              </value>
            </param>
            <param index="3">
              <value>
                <![CDATA[rodrigo@test.com]]>
              </value>
            </param>
            <param index="4">
              <value>
                <![CDATA[SecurePass!]]>
              </value>
            </param>
            <param index="5">
              <value>
                <![CDATA[SecurePass!]]>
              </value>
            </param>
            <param index="6">
              <value>
                <![CDATA[true]]>
              </value>
            </param>
          </params>
          <reporter-output>
          </reporter-output>
        </test-method> <!-- testRegistro -->
        <test-method is-config="true" signature="teardown()[pri:0, instance:com.tuempresa.tests.RegistroTest@67c27493]" started-at="2025-08-02T14:02:45 CLT" name="teardown" finished-at="2025-08-02T14:02:48 CLT" duration-ms="3314" status="PASS">
          <reporter-output>
          </reporter-output>
        </test-method> <!-- teardown -->
        <test-method is-config="true" signature="setup(java.lang.String)[pri:0, instance:com.tuempresa.tests.RegistroTest@67c27493]" started-at="2025-08-02T14:02:48 CLT" name="setup" finished-at="2025-08-02T14:02:53 CLT" duration-ms="4569" status="PASS">
          <params>
            <param index="0">
              <value>
                <![CDATA[firefox]]>
              </value>
            </param>
          </params>
          <reporter-output>
          </reporter-output>
        </test-method> <!-- setup -->
        <test-method signature="testRegistro(java.lang.String,java.lang.String,java.lang.String,java.lang.String,java.lang.String,java.lang.String,boolean)[pri:0, instance:com.tuempresa.tests.RegistroTest@67c27493]" started-at="2025-08-02T14:02:53 CLT" name="testRegistro" description="Valida el formulario de registro con diferentes datos." data-provider="registroDatos" finished-at="2025-08-02T14:02:57 CLT" duration-ms="4556" status="PASS">
          <params>
            <param index="0">
              <value>
                <![CDATA[Ana]]>
              </value>
            </param>
            <param index="1">
              <value>
                <![CDATA[Lopez]]>
              </value>
            </param>
            <param index="2">
              <value>
                <![CDATA[5566778899]]>
              </value>
            </param>
            <param index="3">
              <value>
                <![CDATA[ana.lopez@test.com]]>
              </value>
            </param>
            <param index="4">
              <value>
                <![CDATA[Pass123!]]>
              </value>
            </param>
            <param index="5">
              <value>
                <![CDATA[Pass123!]]>
              </value>
            </param>
            <param index="6">
              <value>
                <![CDATA[true]]>
              </value>
            </param>
          </params>
          <reporter-output>
          </reporter-output>
        </test-method> <!-- testRegistro -->
        <test-method is-config="true" signature="teardown()[pri:0, instance:com.tuempresa.tests.RegistroTest@67c27493]" started-at="2025-08-02T14:02:57 CLT" name="teardown" finished-at="2025-08-02T14:03:00 CLT" duration-ms="3296" status="PASS">
          <reporter-output>
          </reporter-output>
        </test-method> <!-- teardown -->
        <test-method is-config="true" signature="setup(java.lang.String)[pri:0, instance:com.tuempresa.tests.RegistroTest@67c27493]" started-at="2025-08-02T14:03:00 CLT" name="setup" finished-at="2025-08-02T14:03:05 CLT" duration-ms="4667" status="PASS">
          <params>
            <param index="0">
              <value>
                <![CDATA[firefox]]>
              </value>
            </param>
          </params>
          <reporter-output>
          </reporter-output>
        </test-method> <!-- setup -->
        <test-method signature="testRegistro(java.lang.String,java.lang.String,java.lang.String,java.lang.String,java.lang.String,java.lang.String,boolean)[pri:0, instance:com.tuempresa.tests.RegistroTest@67c27493]" started-at="2025-08-02T14:03:05 CLT" name="testRegistro" description="Valida el formulario de registro con diferentes datos." data-provider="registroDatos" finished-at="2025-08-02T14:03:10 CLT" duration-ms="4785" status="PASS">
          <params>
            <param index="0">
              <value>
                <![CDATA[Sofia]]>
              </value>
            </param>
            <param index="1">
              <value>
                <![CDATA[Diaz]]>
              </value>
            </param>
            <param index="2">
              <value>
                <![CDATA[1212121212]]>
              </value>
            </param>
            <param index="3">
              <value>
                <![CDATA[]]>
              </value>
            </param>
            <param index="4">
              <value>
                <![CDATA[TestPass123]]>
              </value>
            </param>
            <param index="5">
              <value>
                <![CDATA[TestPass123]]>
              </value>
            </param>
            <param index="6">
              <value>
                <![CDATA[true]]>
              </value>
            </param>
          </params>
          <reporter-output>
          </reporter-output>
        </test-method> <!-- testRegistro -->
        <test-method is-config="true" signature="teardown()[pri:0, instance:com.tuempresa.tests.RegistroTest@67c27493]" started-at="2025-08-02T14:03:10 CLT" name="teardown" finished-at="2025-08-02T14:03:13 CLT" duration-ms="3274" status="PASS">
          <reporter-output>
          </reporter-output>
        </test-method> <!-- teardown -->
        <test-method is-config="true" signature="setup(java.lang.String)[pri:0, instance:com.tuempresa.tests.RegistroTest@67c27493]" started-at="2025-08-02T14:03:13 CLT" name="setup" finished-at="2025-08-02T14:03:18 CLT" duration-ms="4436" status="PASS">
          <params>
            <param index="0">
              <value>
                <![CDATA[firefox]]>
              </value>
            </param>
          </params>
          <reporter-output>
          </reporter-output>
        </test-method> <!-- setup -->
        <test-method signature="testRegistro(java.lang.String,java.lang.String,java.lang.String,java.lang.String,java.lang.String,java.lang.String,boolean)[pri:0, instance:com.tuempresa.tests.RegistroTest@67c27493]" started-at="2025-08-02T14:03:18 CLT" name="testRegistro" description="Valida el formulario de registro con diferentes datos." data-provider="registroDatos" finished-at="2025-08-02T14:03:32 CLT" duration-ms="14071" status="PASS">
          <params>
            <param index="0">
              <value>
                <![CDATA[Pedro]]>
              </value>
            </param>
            <param index="1">
              <value>
                <![CDATA[Sanchez]]>
              </value>
            </param>
            <param index="2">
              <value>
                <![CDATA[4455667788]]>
              </value>
            </param>
            <param index="3">
              <value>
                <![CDATA[pedro.sanchez@test.com]]>
              </value>
            </param>
            <param index="4">
              <value>
                <![CDATA[pass123!]]>
              </value>
            </param>
            <param index="5">
              <value>
                <![CDATA[Pass1234!]]>
              </value>
            </param>
            <param index="6">
              <value>
                <![CDATA[false]]>
              </value>
            </param>
          </params>
          <reporter-output>
          </reporter-output>
        </test-method> <!-- testRegistro -->
        <test-method is-config="true" signature="teardown()[pri:0, instance:com.tuempresa.tests.RegistroTest@67c27493]" started-at="2025-08-02T14:03:32 CLT" name="teardown" finished-at="2025-08-02T14:03:34 CLT" duration-ms="1979" status="PASS">
          <reporter-output>
          </reporter-output>
        </test-method> <!-- teardown -->
      </class> <!-- com.tuempresa.tests.RegistroTest -->
      <class name="com.tuempresa.tests.LoginTest">
        <test-method is-config="true" signature="setup(java.lang.String)[pri:0, instance:com.tuempresa.tests.LoginTest@77fbd92c]" started-at="2025-08-02T14:01:27 CLT" name="setup" finished-at="2025-08-02T14:01:32 CLT" duration-ms="5422" status="PASS">
          <params>
            <param index="0">
              <value>
                <![CDATA[firefox]]>
              </value>
            </param>
          </params>
          <reporter-output>
          </reporter-output>
        </test-method> <!-- setup -->
        <test-method signature="testLoginExitoso()[pri:0, instance:com.tuempresa.tests.LoginTest@77fbd92c]" started-at="2025-08-02T14:01:32 CLT" name="testLoginExitoso" description="Verificar login con credenciales válidas" finished-at="2025-08-02T14:01:37 CLT" duration-ms="5418" status="PASS">
          <reporter-output>
          </reporter-output>
        </test-method> <!-- testLoginExitoso -->
        <test-method is-config="true" signature="teardown()[pri:0, instance:com.tuempresa.tests.LoginTest@77fbd92c]" started-at="2025-08-02T14:01:37 CLT" name="teardown" finished-at="2025-08-02T14:01:41 CLT" duration-ms="3548" status="PASS">
          <reporter-output>
          </reporter-output>
        </test-method> <!-- teardown -->
        <test-method is-config="true" signature="setup(java.lang.String)[pri:0, instance:com.tuempresa.tests.LoginTest@77fbd92c]" started-at="2025-08-02T14:01:41 CLT" name="setup" finished-at="2025-08-02T14:01:46 CLT" duration-ms="4579" status="PASS">
          <params>
            <param index="0">
              <value>
                <![CDATA[firefox]]>
              </value>
            </param>
          </params>
          <reporter-output>
          </reporter-output>
        </test-method> <!-- setup -->
        <test-method signature="testLoginFallido()[pri:0, instance:com.tuempresa.tests.LoginTest@77fbd92c]" started-at="2025-08-02T14:01:46 CLT" name="testLoginFallido" description="Verificar login con credenciales inválidas" finished-at="2025-08-02T14:01:51 CLT" duration-ms="4969" status="PASS">
          <reporter-output>
          </reporter-output>
        </test-method> <!-- testLoginFallido -->
        <test-method is-config="true" signature="teardown()[pri:0, instance:com.tuempresa.tests.LoginTest@77fbd92c]" started-at="2025-08-02T14:01:51 CLT" name="teardown" finished-at="2025-08-02T14:01:54 CLT" duration-ms="3273" status="PASS">
          <reporter-output>
          </reporter-output>
        </test-method> <!-- teardown -->
        <test-method is-config="true" signature="setup(java.lang.String)[pri:0, instance:com.tuempresa.tests.LoginTest@77fbd92c]" started-at="2025-08-02T14:01:54 CLT" name="setup" finished-at="2025-08-02T14:01:58 CLT" duration-ms="4482" status="PASS">
          <params>
            <param index="0">
              <value>
                <![CDATA[firefox]]>
              </value>
            </param>
          </params>
          <reporter-output>
          </reporter-output>
        </test-method> <!-- setup -->
        <test-method signature="testLoginFallidoMultiplesIntentos()[pri:0, instance:com.tuempresa.tests.LoginTest@77fbd92c]" started-at="2025-08-02T14:01:58 CLT" name="testLoginFallidoMultiplesIntentos" description="Verificar comportamiento con múltiples fallas" finished-at="2025-08-02T14:02:07 CLT" duration-ms="8868" status="PASS">
          <reporter-output>
          </reporter-output>
        </test-method> <!-- testLoginFallidoMultiplesIntentos -->
        <test-method is-config="true" signature="teardown()[pri:0, instance:com.tuempresa.tests.LoginTest@77fbd92c]" started-at="2025-08-02T14:02:07 CLT" name="teardown" finished-at="2025-08-02T14:02:11 CLT" duration-ms="3316" status="PASS">
          <reporter-output>
          </reporter-output>
        </test-method> <!-- teardown -->
      </class> <!-- com.tuempresa.tests.LoginTest -->
    </test> <!-- Ejecucion en Firefox -->
  </suite> <!-- Suite de Automatizacion Funcional -->
</testng-results>
