<?xml version="1.0" encoding="UTF-8"?>
<testng-results ignored="0" total="18" passed="18" failed="0" skipped="0">
  <reporter-output>
  </reporter-output>
  <suite started-at="2025-08-02T12:23:33 CLT" name="Suite de Automatizacion Funcional" finished-at="2025-08-02T12:26:31 CLT" duration-ms="177850">
    <groups>
    </groups>
    <test started-at="2025-08-02T12:23:33 CLT" name="Ejecucion en Chrome" finished-at="2025-08-02T12:24:31 CLT" duration-ms="57646">
      <class name="com.tuempresa.tests.RegistroTest">
        <test-method is-config="true" signature="setup(java.lang.String)[pri:0, instance:com.tuempresa.tests.RegistroTest@52bf72b5]" started-at="2025-08-02T12:23:51 CLT" name="setup" finished-at="2025-08-02T12:23:52 CLT" duration-ms="769" status="PASS">
          <params>
            <param index="0">
              <value>
                <![CDATA[chrome]]>
              </value>
            </param>
          </params>
          <reporter-output>
          </reporter-output>
        </test-method> <!-- setup -->
        <test-method signature="testRegistro(java.lang.String,java.lang.String,java.lang.String,java.lang.String,java.lang.String,java.lang.String,boolean)[pri:0, instance:com.tuempresa.tests.RegistroTest@52bf72b5]" started-at="2025-08-02T12:23:52 CLT" name="testRegistro" description="Valida el formulario de registro con diferentes datos." data-provider="registroDatos" finished-at="2025-08-02T12:23:56 CLT" duration-ms="3893" status="PASS">
          <params>
            <param index="0">
              <value>
                <![CDATA[Juan]]>
              </value>
            </param>
            <param index="1">
              <value>
                <![CDATA[Perez]]>
              </value>
            </param>
            <param index="2">
              <value>
                <![CDATA[1234567890]]>
              </value>
            </param>
            <param index="3">
              <value>
                <![CDATA[juan.perez@test.com]]>
              </value>
            </param>
            <param index="4">
              <value>
                <![CDATA[Pass1234!]]>
              </value>
            </param>
            <param index="5">
              <value>
                <![CDATA[Pass1234!]]>
              </value>
            </param>
            <param index="6">
              <value>
                <![CDATA[true]]>
              </value>
            </param>
          </params>
          <reporter-output>
          </reporter-output>
        </test-method> <!-- testRegistro -->
        <test-method is-config="true" signature="teardown()[pri:0, instance:com.tuempresa.tests.RegistroTest@52bf72b5]" started-at="2025-08-02T12:23:56 CLT" name="teardown" finished-at="2025-08-02T12:23:56 CLT" duration-ms="204" status="PASS">
          <reporter-output>
          </reporter-output>
        </test-method> <!-- teardown -->
        <test-method is-config="true" signature="setup(java.lang.String)[pri:0, instance:com.tuempresa.tests.RegistroTest@52bf72b5]" started-at="2025-08-02T12:23:56 CLT" name="setup" finished-at="2025-08-02T12:23:57 CLT" duration-ms="846" status="PASS">
          <params>
            <param index="0">
              <value>
                <![CDATA[chrome]]>
              </value>
            </param>
          </params>
          <reporter-output>
          </reporter-output>
        </test-method> <!-- setup -->
        <test-method signature="testRegistro(java.lang.String,java.lang.String,java.lang.String,java.lang.String,java.lang.String,java.lang.String,boolean)[pri:0, instance:com.tuempresa.tests.RegistroTest@52bf72b5]" started-at="2025-08-02T12:23:57 CLT" name="testRegistro" description="Valida el formulario de registro con diferentes datos." data-provider="registroDatos" finished-at="2025-08-02T12:24:01 CLT" duration-ms="3725" status="PASS">
          <params>
            <param index="0">
              <value>
                <![CDATA[Maria]]>
              </value>
            </param>
            <param index="1">
              <value>
                <![CDATA[Gomez]]>
              </value>
            </param>
            <param index="2">
              <value>
                <![CDATA[9876543210]]>
              </value>
            </param>
            <param index="3">
              <value>
                <![CDATA[maria.gomez@test.com]]>
              </value>
            </param>
            <param index="4">
              <value>
                <![CDATA[pass123]]>
              </value>
            </param>
            <param index="5">
              <value>
                <![CDATA[pass123]]>
              </value>
            </param>
            <param index="6">
              <value>
                <![CDATA[true]]>
              </value>
            </param>
          </params>
          <reporter-output>
          </reporter-output>
        </test-method> <!-- testRegistro -->
        <test-method is-config="true" signature="teardown()[pri:0, instance:com.tuempresa.tests.RegistroTest@52bf72b5]" started-at="2025-08-02T12:24:01 CLT" name="teardown" finished-at="2025-08-02T12:24:01 CLT" duration-ms="210" status="PASS">
          <reporter-output>
          </reporter-output>
        </test-method> <!-- teardown -->
        <test-method is-config="true" signature="setup(java.lang.String)[pri:0, instance:com.tuempresa.tests.RegistroTest@52bf72b5]" started-at="2025-08-02T12:24:01 CLT" name="setup" finished-at="2025-08-02T12:24:02 CLT" duration-ms="787" status="PASS">
          <params>
            <param index="0">
              <value>
                <![CDATA[chrome]]>
              </value>
            </param>
          </params>
          <reporter-output>
          </reporter-output>
        </test-method> <!-- setup -->
        <test-method signature="testRegistro(java.lang.String,java.lang.String,java.lang.String,java.lang.String,java.lang.String,java.lang.String,boolean)[pri:0, instance:com.tuempresa.tests.RegistroTest@52bf72b5]" started-at="2025-08-02T12:24:02 CLT" name="testRegistro" description="Valida el formulario de registro con diferentes datos." data-provider="registroDatos" finished-at="2025-08-02T12:24:06 CLT" duration-ms="4529" status="PASS">
          <params>
            <param index="0">
              <value>
                <![CDATA[]]>
              </value>
            </param>
            <param index="1">
              <value>
                <![CDATA[Rodriguez]]>
              </value>
            </param>
            <param index="2">
              <value>
                <![CDATA[1122334455]]>
              </value>
            </param>
            <param index="3">
              <value>
                <![CDATA[rodrigo@test.com]]>
              </value>
            </param>
            <param index="4">
              <value>
                <![CDATA[SecurePass!]]>
              </value>
            </param>
            <param index="5">
              <value>
                <![CDATA[SecurePass!]]>
              </value>
            </param>
            <param index="6">
              <value>
                <![CDATA[true]]>
              </value>
            </param>
          </params>
          <reporter-output>
          </reporter-output>
        </test-method> <!-- testRegistro -->
        <test-method is-config="true" signature="teardown()[pri:0, instance:com.tuempresa.tests.RegistroTest@52bf72b5]" started-at="2025-08-02T12:24:06 CLT" name="teardown" finished-at="2025-08-02T12:24:06 CLT" duration-ms="204" status="PASS">
          <reporter-output>
          </reporter-output>
        </test-method> <!-- teardown -->
        <test-method is-config="true" signature="setup(java.lang.String)[pri:0, instance:com.tuempresa.tests.RegistroTest@52bf72b5]" started-at="2025-08-02T12:24:06 CLT" name="setup" finished-at="2025-08-02T12:24:07 CLT" duration-ms="830" status="PASS">
          <params>
            <param index="0">
              <value>
                <![CDATA[chrome]]>
              </value>
            </param>
          </params>
          <reporter-output>
          </reporter-output>
        </test-method> <!-- setup -->
        <test-method signature="testRegistro(java.lang.String,java.lang.String,java.lang.String,java.lang.String,java.lang.String,java.lang.String,boolean)[pri:0, instance:com.tuempresa.tests.RegistroTest@52bf72b5]" started-at="2025-08-02T12:24:07 CLT" name="testRegistro" description="Valida el formulario de registro con diferentes datos." data-provider="registroDatos" finished-at="2025-08-02T12:24:11 CLT" duration-ms="3963" status="PASS">
          <params>
            <param index="0">
              <value>
                <![CDATA[Ana]]>
              </value>
            </param>
            <param index="1">
              <value>
                <![CDATA[Lopez]]>
              </value>
            </param>
            <param index="2">
              <value>
                <![CDATA[5566778899]]>
              </value>
            </param>
            <param index="3">
              <value>
                <![CDATA[ana.lopez@test.com]]>
              </value>
            </param>
            <param index="4">
              <value>
                <![CDATA[Pass123!]]>
              </value>
            </param>
            <param index="5">
              <value>
                <![CDATA[Pass123!]]>
              </value>
            </param>
            <param index="6">
              <value>
                <![CDATA[true]]>
              </value>
            </param>
          </params>
          <reporter-output>
          </reporter-output>
        </test-method> <!-- testRegistro -->
        <test-method is-config="true" signature="teardown()[pri:0, instance:com.tuempresa.tests.RegistroTest@52bf72b5]" started-at="2025-08-02T12:24:11 CLT" name="teardown" finished-at="2025-08-02T12:24:12 CLT" duration-ms="225" status="PASS">
          <reporter-output>
          </reporter-output>
        </test-method> <!-- teardown -->
        <test-method is-config="true" signature="setup(java.lang.String)[pri:0, instance:com.tuempresa.tests.RegistroTest@52bf72b5]" started-at="2025-08-02T12:24:12 CLT" name="setup" finished-at="2025-08-02T12:24:12 CLT" duration-ms="799" status="PASS">
          <params>
            <param index="0">
              <value>
                <![CDATA[chrome]]>
              </value>
            </param>
          </params>
          <reporter-output>
          </reporter-output>
        </test-method> <!-- setup -->
        <test-method signature="testRegistro(java.lang.String,java.lang.String,java.lang.String,java.lang.String,java.lang.String,java.lang.String,boolean)[pri:0, instance:com.tuempresa.tests.RegistroTest@52bf72b5]" started-at="2025-08-02T12:24:12 CLT" name="testRegistro" description="Valida el formulario de registro con diferentes datos." data-provider="registroDatos" finished-at="2025-08-02T12:24:16 CLT" duration-ms="3727" status="PASS">
          <params>
            <param index="0">
              <value>
                <![CDATA[Sofia]]>
              </value>
            </param>
            <param index="1">
              <value>
                <![CDATA[Diaz]]>
              </value>
            </param>
            <param index="2">
              <value>
                <![CDATA[1212121212]]>
              </value>
            </param>
            <param index="3">
              <value>
                <![CDATA[]]>
              </value>
            </param>
            <param index="4">
              <value>
                <![CDATA[TestPass123]]>
              </value>
            </param>
            <param index="5">
              <value>
                <![CDATA[TestPass123]]>
              </value>
            </param>
            <param index="6">
              <value>
                <![CDATA[true]]>
              </value>
            </param>
          </params>
          <reporter-output>
          </reporter-output>
        </test-method> <!-- testRegistro -->
        <test-method is-config="true" signature="teardown()[pri:0, instance:com.tuempresa.tests.RegistroTest@52bf72b5]" started-at="2025-08-02T12:24:16 CLT" name="teardown" finished-at="2025-08-02T12:24:16 CLT" duration-ms="237" status="PASS">
          <reporter-output>
          </reporter-output>
        </test-method> <!-- teardown -->
        <test-method is-config="true" signature="setup(java.lang.String)[pri:0, instance:com.tuempresa.tests.RegistroTest@52bf72b5]" started-at="2025-08-02T12:24:16 CLT" name="setup" finished-at="2025-08-02T12:24:17 CLT" duration-ms="770" status="PASS">
          <params>
            <param index="0">
              <value>
                <![CDATA[chrome]]>
              </value>
            </param>
          </params>
          <reporter-output>
          </reporter-output>
        </test-method> <!-- setup -->
        <test-method signature="testRegistro(java.lang.String,java.lang.String,java.lang.String,java.lang.String,java.lang.String,java.lang.String,boolean)[pri:0, instance:com.tuempresa.tests.RegistroTest@52bf72b5]" started-at="2025-08-02T12:24:17 CLT" name="testRegistro" description="Valida el formulario de registro con diferentes datos." data-provider="registroDatos" finished-at="2025-08-02T12:24:31 CLT" duration-ms="13744" status="PASS">
          <params>
            <param index="0">
              <value>
                <![CDATA[Pedro]]>
              </value>
            </param>
            <param index="1">
              <value>
                <![CDATA[Sanchez]]>
              </value>
            </param>
            <param index="2">
              <value>
                <![CDATA[4455667788]]>
              </value>
            </param>
            <param index="3">
              <value>
                <![CDATA[pedro.sanchez@test.com]]>
              </value>
            </param>
            <param index="4">
              <value>
                <![CDATA[pass123!]]>
              </value>
            </param>
            <param index="5">
              <value>
                <![CDATA[Pass1234!]]>
              </value>
            </param>
            <param index="6">
              <value>
                <![CDATA[false]]>
              </value>
            </param>
          </params>
          <reporter-output>
          </reporter-output>
        </test-method> <!-- testRegistro -->
        <test-method is-config="true" signature="teardown()[pri:0, instance:com.tuempresa.tests.RegistroTest@52bf72b5]" started-at="2025-08-02T12:24:31 CLT" name="teardown" finished-at="2025-08-02T12:24:31 CLT" duration-ms="267" status="PASS">
          <reporter-output>
          </reporter-output>
        </test-method> <!-- teardown -->
      </class> <!-- com.tuempresa.tests.RegistroTest -->
      <class name="com.tuempresa.tests.LoginTest">
        <test-method is-config="true" signature="setup(java.lang.String)[pri:0, instance:com.tuempresa.tests.LoginTest@72057ecf]" started-at="2025-08-02T12:23:33 CLT" name="setup" finished-at="2025-08-02T12:23:35 CLT" duration-ms="1788" status="PASS">
          <params>
            <param index="0">
              <value>
                <![CDATA[chrome]]>
              </value>
            </param>
          </params>
          <reporter-output>
          </reporter-output>
        </test-method> <!-- setup -->
        <test-method signature="testLoginExitoso()[pri:0, instance:com.tuempresa.tests.LoginTest@72057ecf]" started-at="2025-08-02T12:23:35 CLT" name="testLoginExitoso" description="Verificar login con credenciales válidas" finished-at="2025-08-02T12:23:39 CLT" duration-ms="4229" status="PASS">
          <reporter-output>
          </reporter-output>
        </test-method> <!-- testLoginExitoso -->
        <test-method is-config="true" signature="teardown()[pri:0, instance:com.tuempresa.tests.LoginTest@72057ecf]" started-at="2025-08-02T12:23:39 CLT" name="teardown" finished-at="2025-08-02T12:23:40 CLT" duration-ms="217" status="PASS">
          <reporter-output>
          </reporter-output>
        </test-method> <!-- teardown -->
        <test-method is-config="true" signature="setup(java.lang.String)[pri:0, instance:com.tuempresa.tests.LoginTest@72057ecf]" started-at="2025-08-02T12:23:40 CLT" name="setup" finished-at="2025-08-02T12:23:40 CLT" duration-ms="777" status="PASS">
          <params>
            <param index="0">
              <value>
                <![CDATA[chrome]]>
              </value>
            </param>
          </params>
          <reporter-output>
          </reporter-output>
        </test-method> <!-- setup -->
        <test-method signature="testLoginFallido()[pri:0, instance:com.tuempresa.tests.LoginTest@72057ecf]" started-at="2025-08-02T12:23:40 CLT" name="testLoginFallido" description="Verificar login con credenciales inválidas" finished-at="2025-08-02T12:23:44 CLT" duration-ms="3871" status="PASS">
          <reporter-output>
          </reporter-output>
        </test-method> <!-- testLoginFallido -->
        <test-method is-config="true" signature="teardown()[pri:0, instance:com.tuempresa.tests.LoginTest@72057ecf]" started-at="2025-08-02T12:23:44 CLT" name="teardown" finished-at="2025-08-02T12:23:45 CLT" duration-ms="222" status="PASS">
          <reporter-output>
          </reporter-output>
        </test-method> <!-- teardown -->
        <test-method is-config="true" signature="setup(java.lang.String)[pri:0, instance:com.tuempresa.tests.LoginTest@72057ecf]" started-at="2025-08-02T12:23:45 CLT" name="setup" finished-at="2025-08-02T12:23:45 CLT" duration-ms="787" status="PASS">
          <params>
            <param index="0">
              <value>
                <![CDATA[chrome]]>
              </value>
            </param>
          </params>
          <reporter-output>
          </reporter-output>
        </test-method> <!-- setup -->
        <test-method signature="testLoginFallidoMultiplesIntentos()[pri:0, instance:com.tuempresa.tests.LoginTest@72057ecf]" started-at="2025-08-02T12:23:45 CLT" name="testLoginFallidoMultiplesIntentos" description="Verificar comportamiento con múltiples fallas" finished-at="2025-08-02T12:23:51 CLT" duration-ms="5752" status="PASS">
          <reporter-output>
          </reporter-output>
        </test-method> <!-- testLoginFallidoMultiplesIntentos -->
        <test-method is-config="true" signature="teardown()[pri:0, instance:com.tuempresa.tests.LoginTest@72057ecf]" started-at="2025-08-02T12:23:51 CLT" name="teardown" finished-at="2025-08-02T12:23:51 CLT" duration-ms="210" status="PASS">
          <reporter-output>
          </reporter-output>
        </test-method> <!-- teardown -->
      </class> <!-- com.tuempresa.tests.LoginTest -->
    </test> <!-- Ejecucion en Chrome -->
    <test started-at="2025-08-02T12:24:31 CLT" name="Ejecucion en Firefox" finished-at="2025-08-02T12:26:31 CLT" duration-ms="120180">
      <class name="com.tuempresa.tests.RegistroTest">
        <test-method is-config="true" signature="setup(java.lang.String)[pri:0, instance:com.tuempresa.tests.RegistroTest@67c27493]" started-at="2025-08-02T12:25:12 CLT" name="setup" finished-at="2025-08-02T12:25:16 CLT" duration-ms="4304" status="PASS">
          <params>
            <param index="0">
              <value>
                <![CDATA[firefox]]>
              </value>
            </param>
          </params>
          <reporter-output>
          </reporter-output>
        </test-method> <!-- setup -->
        <test-method signature="testRegistro(java.lang.String,java.lang.String,java.lang.String,java.lang.String,java.lang.String,java.lang.String,boolean)[pri:0, instance:com.tuempresa.tests.RegistroTest@67c27493]" started-at="2025-08-02T12:25:16 CLT" name="testRegistro" description="Valida el formulario de registro con diferentes datos." data-provider="registroDatos" finished-at="2025-08-02T12:25:20 CLT" duration-ms="4062" status="PASS">
          <params>
            <param index="0">
              <value>
                <![CDATA[Juan]]>
              </value>
            </param>
            <param index="1">
              <value>
                <![CDATA[Perez]]>
              </value>
            </param>
            <param index="2">
              <value>
                <![CDATA[1234567890]]>
              </value>
            </param>
            <param index="3">
              <value>
                <![CDATA[juan.perez@test.com]]>
              </value>
            </param>
            <param index="4">
              <value>
                <![CDATA[Pass1234!]]>
              </value>
            </param>
            <param index="5">
              <value>
                <![CDATA[Pass1234!]]>
              </value>
            </param>
            <param index="6">
              <value>
                <![CDATA[true]]>
              </value>
            </param>
          </params>
          <reporter-output>
          </reporter-output>
        </test-method> <!-- testRegistro -->
        <test-method is-config="true" signature="teardown()[pri:0, instance:com.tuempresa.tests.RegistroTest@67c27493]" started-at="2025-08-02T12:25:20 CLT" name="teardown" finished-at="2025-08-02T12:25:23 CLT" duration-ms="3391" status="PASS">
          <reporter-output>
          </reporter-output>
        </test-method> <!-- teardown -->
        <test-method is-config="true" signature="setup(java.lang.String)[pri:0, instance:com.tuempresa.tests.RegistroTest@67c27493]" started-at="2025-08-02T12:25:23 CLT" name="setup" finished-at="2025-08-02T12:25:28 CLT" duration-ms="4351" status="PASS">
          <params>
            <param index="0">
              <value>
                <![CDATA[firefox]]>
              </value>
            </param>
          </params>
          <reporter-output>
          </reporter-output>
        </test-method> <!-- setup -->
        <test-method signature="testRegistro(java.lang.String,java.lang.String,java.lang.String,java.lang.String,java.lang.String,java.lang.String,boolean)[pri:0, instance:com.tuempresa.tests.RegistroTest@67c27493]" started-at="2025-08-02T12:25:28 CLT" name="testRegistro" description="Valida el formulario de registro con diferentes datos." data-provider="registroDatos" finished-at="2025-08-02T12:25:32 CLT" duration-ms="3886" status="PASS">
          <params>
            <param index="0">
              <value>
                <![CDATA[Maria]]>
              </value>
            </param>
            <param index="1">
              <value>
                <![CDATA[Gomez]]>
              </value>
            </param>
            <param index="2">
              <value>
                <![CDATA[9876543210]]>
              </value>
            </param>
            <param index="3">
              <value>
                <![CDATA[maria.gomez@test.com]]>
              </value>
            </param>
            <param index="4">
              <value>
                <![CDATA[pass123]]>
              </value>
            </param>
            <param index="5">
              <value>
                <![CDATA[pass123]]>
              </value>
            </param>
            <param index="6">
              <value>
                <![CDATA[true]]>
              </value>
            </param>
          </params>
          <reporter-output>
          </reporter-output>
        </test-method> <!-- testRegistro -->
        <test-method is-config="true" signature="teardown()[pri:0, instance:com.tuempresa.tests.RegistroTest@67c27493]" started-at="2025-08-02T12:25:32 CLT" name="teardown" finished-at="2025-08-02T12:25:35 CLT" duration-ms="3160" status="PASS">
          <reporter-output>
          </reporter-output>
        </test-method> <!-- teardown -->
        <test-method is-config="true" signature="setup(java.lang.String)[pri:0, instance:com.tuempresa.tests.RegistroTest@67c27493]" started-at="2025-08-02T12:25:35 CLT" name="setup" finished-at="2025-08-02T12:25:39 CLT" duration-ms="4326" status="PASS">
          <params>
            <param index="0">
              <value>
                <![CDATA[firefox]]>
              </value>
            </param>
          </params>
          <reporter-output>
          </reporter-output>
        </test-method> <!-- setup -->
        <test-method signature="testRegistro(java.lang.String,java.lang.String,java.lang.String,java.lang.String,java.lang.String,java.lang.String,boolean)[pri:0, instance:com.tuempresa.tests.RegistroTest@67c27493]" started-at="2025-08-02T12:25:39 CLT" name="testRegistro" description="Valida el formulario de registro con diferentes datos." data-provider="registroDatos" finished-at="2025-08-02T12:25:44 CLT" duration-ms="4500" status="PASS">
          <params>
            <param index="0">
              <value>
                <![CDATA[]]>
              </value>
            </param>
            <param index="1">
              <value>
                <![CDATA[Rodriguez]]>
              </value>
            </param>
            <param index="2">
              <value>
                <![CDATA[1122334455]]>
              </value>
            </param>
            <param index="3">
              <value>
                <![CDATA[rodrigo@test.com]]>
              </value>
            </param>
            <param index="4">
              <value>
                <![CDATA[SecurePass!]]>
              </value>
            </param>
            <param index="5">
              <value>
                <![CDATA[SecurePass!]]>
              </value>
            </param>
            <param index="6">
              <value>
                <![CDATA[true]]>
              </value>
            </param>
          </params>
          <reporter-output>
          </reporter-output>
        </test-method> <!-- testRegistro -->
        <test-method is-config="true" signature="teardown()[pri:0, instance:com.tuempresa.tests.RegistroTest@67c27493]" started-at="2025-08-02T12:25:44 CLT" name="teardown" finished-at="2025-08-02T12:25:47 CLT" duration-ms="3170" status="PASS">
          <reporter-output>
          </reporter-output>
        </test-method> <!-- teardown -->
        <test-method is-config="true" signature="setup(java.lang.String)[pri:0, instance:com.tuempresa.tests.RegistroTest@67c27493]" started-at="2025-08-02T12:25:47 CLT" name="setup" finished-at="2025-08-02T12:25:51 CLT" duration-ms="4460" status="PASS">
          <params>
            <param index="0">
              <value>
                <![CDATA[firefox]]>
              </value>
            </param>
          </params>
          <reporter-output>
          </reporter-output>
        </test-method> <!-- setup -->
        <test-method signature="testRegistro(java.lang.String,java.lang.String,java.lang.String,java.lang.String,java.lang.String,java.lang.String,boolean)[pri:0, instance:com.tuempresa.tests.RegistroTest@67c27493]" started-at="2025-08-02T12:25:51 CLT" name="testRegistro" description="Valida el formulario de registro con diferentes datos." data-provider="registroDatos" finished-at="2025-08-02T12:25:56 CLT" duration-ms="4362" status="PASS">
          <params>
            <param index="0">
              <value>
                <![CDATA[Ana]]>
              </value>
            </param>
            <param index="1">
              <value>
                <![CDATA[Lopez]]>
              </value>
            </param>
            <param index="2">
              <value>
                <![CDATA[5566778899]]>
              </value>
            </param>
            <param index="3">
              <value>
                <![CDATA[ana.lopez@test.com]]>
              </value>
            </param>
            <param index="4">
              <value>
                <![CDATA[Pass123!]]>
              </value>
            </param>
            <param index="5">
              <value>
                <![CDATA[Pass123!]]>
              </value>
            </param>
            <param index="6">
              <value>
                <![CDATA[true]]>
              </value>
            </param>
          </params>
          <reporter-output>
          </reporter-output>
        </test-method> <!-- testRegistro -->
        <test-method is-config="true" signature="teardown()[pri:0, instance:com.tuempresa.tests.RegistroTest@67c27493]" started-at="2025-08-02T12:25:56 CLT" name="teardown" finished-at="2025-08-02T12:25:59 CLT" duration-ms="3191" status="PASS">
          <reporter-output>
          </reporter-output>
        </test-method> <!-- teardown -->
        <test-method is-config="true" signature="setup(java.lang.String)[pri:0, instance:com.tuempresa.tests.RegistroTest@67c27493]" started-at="2025-08-02T12:25:59 CLT" name="setup" finished-at="2025-08-02T12:26:03 CLT" duration-ms="4379" status="PASS">
          <params>
            <param index="0">
              <value>
                <![CDATA[firefox]]>
              </value>
            </param>
          </params>
          <reporter-output>
          </reporter-output>
        </test-method> <!-- setup -->
        <test-method signature="testRegistro(java.lang.String,java.lang.String,java.lang.String,java.lang.String,java.lang.String,java.lang.String,boolean)[pri:0, instance:com.tuempresa.tests.RegistroTest@67c27493]" started-at="2025-08-02T12:26:03 CLT" name="testRegistro" description="Valida el formulario de registro con diferentes datos." data-provider="registroDatos" finished-at="2025-08-02T12:26:08 CLT" duration-ms="4871" status="PASS">
          <params>
            <param index="0">
              <value>
                <![CDATA[Sofia]]>
              </value>
            </param>
            <param index="1">
              <value>
                <![CDATA[Diaz]]>
              </value>
            </param>
            <param index="2">
              <value>
                <![CDATA[1212121212]]>
              </value>
            </param>
            <param index="3">
              <value>
                <![CDATA[]]>
              </value>
            </param>
            <param index="4">
              <value>
                <![CDATA[TestPass123]]>
              </value>
            </param>
            <param index="5">
              <value>
                <![CDATA[TestPass123]]>
              </value>
            </param>
            <param index="6">
              <value>
                <![CDATA[true]]>
              </value>
            </param>
          </params>
          <reporter-output>
          </reporter-output>
        </test-method> <!-- testRegistro -->
        <test-method is-config="true" signature="teardown()[pri:0, instance:com.tuempresa.tests.RegistroTest@67c27493]" started-at="2025-08-02T12:26:08 CLT" name="teardown" finished-at="2025-08-02T12:26:11 CLT" duration-ms="3253" status="PASS">
          <reporter-output>
          </reporter-output>
        </test-method> <!-- teardown -->
        <test-method is-config="true" signature="setup(java.lang.String)[pri:0, instance:com.tuempresa.tests.RegistroTest@67c27493]" started-at="2025-08-02T12:26:11 CLT" name="setup" finished-at="2025-08-02T12:26:16 CLT" duration-ms="4378" status="PASS">
          <params>
            <param index="0">
              <value>
                <![CDATA[firefox]]>
              </value>
            </param>
          </params>
          <reporter-output>
          </reporter-output>
        </test-method> <!-- setup -->
        <test-method signature="testRegistro(java.lang.String,java.lang.String,java.lang.String,java.lang.String,java.lang.String,java.lang.String,boolean)[pri:0, instance:com.tuempresa.tests.RegistroTest@67c27493]" started-at="2025-08-02T12:26:16 CLT" name="testRegistro" description="Valida el formulario de registro con diferentes datos." data-provider="registroDatos" finished-at="2025-08-02T12:26:29 CLT" duration-ms="13759" status="PASS">
          <params>
            <param index="0">
              <value>
                <![CDATA[Pedro]]>
              </value>
            </param>
            <param index="1">
              <value>
                <![CDATA[Sanchez]]>
              </value>
            </param>
            <param index="2">
              <value>
                <![CDATA[4455667788]]>
              </value>
            </param>
            <param index="3">
              <value>
                <![CDATA[pedro.sanchez@test.com]]>
              </value>
            </param>
            <param index="4">
              <value>
                <![CDATA[pass123!]]>
              </value>
            </param>
            <param index="5">
              <value>
                <![CDATA[Pass1234!]]>
              </value>
            </param>
            <param index="6">
              <value>
                <![CDATA[false]]>
              </value>
            </param>
          </params>
          <reporter-output>
          </reporter-output>
        </test-method> <!-- testRegistro -->
        <test-method is-config="true" signature="teardown()[pri:0, instance:com.tuempresa.tests.RegistroTest@67c27493]" started-at="2025-08-02T12:26:29 CLT" name="teardown" finished-at="2025-08-02T12:26:31 CLT" duration-ms="1895" status="PASS">
          <reporter-output>
          </reporter-output>
        </test-method> <!-- teardown -->
      </class> <!-- com.tuempresa.tests.RegistroTest -->
      <class name="com.tuempresa.tests.LoginTest">
        <test-method is-config="true" signature="setup(java.lang.String)[pri:0, instance:com.tuempresa.tests.LoginTest@77fbd92c]" started-at="2025-08-02T12:24:31 CLT" name="setup" finished-at="2025-08-02T12:24:35 CLT" duration-ms="4370" status="PASS">
          <params>
            <param index="0">
              <value>
                <![CDATA[firefox]]>
              </value>
            </param>
          </params>
          <reporter-output>
          </reporter-output>
        </test-method> <!-- setup -->
        <test-method signature="testLoginExitoso()[pri:0, instance:com.tuempresa.tests.LoginTest@77fbd92c]" started-at="2025-08-02T12:24:35 CLT" name="testLoginExitoso" description="Verificar login con credenciales válidas" finished-at="2025-08-02T12:24:41 CLT" duration-ms="5159" status="PASS">
          <reporter-output>
          </reporter-output>
        </test-method> <!-- testLoginExitoso -->
        <test-method is-config="true" signature="teardown()[pri:0, instance:com.tuempresa.tests.LoginTest@77fbd92c]" started-at="2025-08-02T12:24:41 CLT" name="teardown" finished-at="2025-08-02T12:24:44 CLT" duration-ms="3190" status="PASS">
          <reporter-output>
          </reporter-output>
        </test-method> <!-- teardown -->
        <test-method is-config="true" signature="setup(java.lang.String)[pri:0, instance:com.tuempresa.tests.LoginTest@77fbd92c]" started-at="2025-08-02T12:24:44 CLT" name="setup" finished-at="2025-08-02T12:24:48 CLT" duration-ms="4435" status="PASS">
          <params>
            <param index="0">
              <value>
                <![CDATA[firefox]]>
              </value>
            </param>
          </params>
          <reporter-output>
          </reporter-output>
        </test-method> <!-- setup -->
        <test-method signature="testLoginFallido()[pri:0, instance:com.tuempresa.tests.LoginTest@77fbd92c]" started-at="2025-08-02T12:24:48 CLT" name="testLoginFallido" description="Verificar login con credenciales inválidas" finished-at="2025-08-02T12:24:53 CLT" duration-ms="4490" status="PASS">
          <reporter-output>
          </reporter-output>
        </test-method> <!-- testLoginFallido -->
        <test-method is-config="true" signature="teardown()[pri:0, instance:com.tuempresa.tests.LoginTest@77fbd92c]" started-at="2025-08-02T12:24:53 CLT" name="teardown" finished-at="2025-08-02T12:24:56 CLT" duration-ms="3184" status="PASS">
          <reporter-output>
          </reporter-output>
        </test-method> <!-- teardown -->
        <test-method is-config="true" signature="setup(java.lang.String)[pri:0, instance:com.tuempresa.tests.LoginTest@77fbd92c]" started-at="2025-08-02T12:24:56 CLT" name="setup" finished-at="2025-08-02T12:25:00 CLT" duration-ms="4391" status="PASS">
          <params>
            <param index="0">
              <value>
                <![CDATA[firefox]]>
              </value>
            </param>
          </params>
          <reporter-output>
          </reporter-output>
        </test-method> <!-- setup -->
        <test-method signature="testLoginFallidoMultiplesIntentos()[pri:0, instance:com.tuempresa.tests.LoginTest@77fbd92c]" started-at="2025-08-02T12:25:00 CLT" name="testLoginFallidoMultiplesIntentos" description="Verificar comportamiento con múltiples fallas" finished-at="2025-08-02T12:25:08 CLT" duration-ms="8054" status="PASS">
          <reporter-output>
          </reporter-output>
        </test-method> <!-- testLoginFallidoMultiplesIntentos -->
        <test-method is-config="true" signature="teardown()[pri:0, instance:com.tuempresa.tests.LoginTest@77fbd92c]" started-at="2025-08-02T12:25:08 CLT" name="teardown" finished-at="2025-08-02T12:25:12 CLT" duration-ms="3195" status="PASS">
          <reporter-output>
          </reporter-output>
        </test-method> <!-- teardown -->
      </class> <!-- com.tuempresa.tests.LoginTest -->
    </test> <!-- Ejecucion en Firefox -->
  </suite> <!-- Suite de Automatizacion Funcional -->
</testng-results>
